<?xml version="1.0" encoding="UTF-8" ?>
<testsuite tests="65" failures="0" name="SARJ.BookingSystem.UtilityTest" time="0.253" errors="0" skipped="0">
  <properties>
    <property name="java.runtime.name" value="Java(TM) SE Runtime Environment"/>
    <property name="sun.boot.library.path" value="D:\Program Files\Java\jdk1.8.0_121\jre\bin"/>
    <property name="java.vm.version" value="25.121-b13"/>
    <property name="java.vm.vendor" value="Oracle Corporation"/>
    <property name="maven.multiModuleProjectDirectory" value="C:\Users\Spencer\Documents\GitHub\SE-Process-and-Tools"/>
    <property name="java.vendor.url" value="http://java.oracle.com/"/>
    <property name="path.separator" value=";"/>
    <property name="guice.disable.misplaced.annotation.check" value="true"/>
    <property name="java.vm.name" value="Java HotSpot(TM) 64-Bit Server VM"/>
    <property name="file.encoding.pkg" value="sun.io"/>
    <property name="user.script" value=""/>
    <property name="user.country" value="US"/>
    <property name="sun.java.launcher" value="SUN_STANDARD"/>
    <property name="sun.os.patch.level" value=""/>
    <property name="java.vm.specification.name" value="Java Virtual Machine Specification"/>
    <property name="user.dir" value="C:\Users\Spencer\Documents\GitHub\SE-Process-and-Tools"/>
    <property name="java.runtime.version" value="1.8.0_121-b13"/>
    <property name="java.awt.graphicsenv" value="sun.awt.Win32GraphicsEnvironment"/>
    <property name="java.endorsed.dirs" value="D:\Program Files\Java\jdk1.8.0_121\jre\lib\endorsed"/>
    <property name="os.arch" value="amd64"/>
    <property name="java.io.tmpdir" value="C:\Users\Spencer\AppData\Local\Temp\"/>
    <property name="line.separator" value="
"/>
    <property name="java.vm.specification.vendor" value="Oracle Corporation"/>
    <property name="user.variant" value=""/>
    <property name="os.name" value="Windows 10"/>
    <property name="classworlds.conf" value="D:\Downloads\apache-maven-3.5.0-bin\apache-maven-3.5.0\bin\..\bin\m2.conf"/>
    <property name="sun.jnu.encoding" value="Cp1252"/>
    <property name="java.library.path" value="D:\Program Files\Java\jdk1.8.0_121\bin;C:\WINDOWS\Sun\Java\bin;C:\WINDOWS\system32;C:\WINDOWS;D:\Python27\;D:\Python27\Scripts;C:\Program Files (x86)\Razer Chroma SDK\bin;C:\Program Files\Razer Chroma SDK\bin;C:\WINDOWS\system32;C:\WINDOWS;C:\WINDOWS\System32\Wbem;C:\WINDOWS\System32\WindowsPowerShell\v1.0\;C:\Program Files (x86)\NVIDIA Corporation\PhysX\Common;C:\WINDOWS\system32\config\systemprofile\AppData\Local\Microsoft\WindowsApps;C:\Go\bin;C:\Users\Spencer\AppData\Local\Microsoft\WindowsApps;D:\Program Files\Java\jdk1.8.0_121\bin;D:\Downloads\apache-maven-3.5.0-bin\apache-maven-3.5.0\bin;."/>
    <property name="maven.conf" value="D:\Downloads\apache-maven-3.5.0-bin\apache-maven-3.5.0\bin\../conf"/>
    <property name="java.specification.name" value="Java Platform API Specification"/>
    <property name="java.class.version" value="52.0"/>
    <property name="sun.management.compiler" value="HotSpot 64-Bit Tiered Compilers"/>
    <property name="os.version" value="10.0"/>
    <property name="library.jansi.path" value="D:\Downloads\apache-maven-3.5.0-bin\apache-maven-3.5.0\bin\..\lib\jansi-native\windows64"/>
    <property name="user.home" value="C:\Users\Spencer"/>
    <property name="user.timezone" value="Australia/Sydney"/>
    <property name="java.awt.printerjob" value="sun.awt.windows.WPrinterJob"/>
    <property name="java.specification.version" value="1.8"/>
    <property name="file.encoding" value="Cp1252"/>
    <property name="user.name" value="Spencer"/>
    <property name="java.class.path" value="D:\Downloads\apache-maven-3.5.0-bin\apache-maven-3.5.0\bin\..\boot\plexus-classworlds-2.5.2.jar"/>
    <property name="java.vm.specification.version" value="1.8"/>
    <property name="sun.arch.data.model" value="64"/>
    <property name="java.home" value="D:\Program Files\Java\jdk1.8.0_121\jre"/>
    <property name="sun.java.command" value="org.codehaus.plexus.classworlds.launcher.Launcher package"/>
    <property name="java.specification.vendor" value="Oracle Corporation"/>
    <property name="user.language" value="en"/>
    <property name="awt.toolkit" value="sun.awt.windows.WToolkit"/>
    <property name="java.vm.info" value="mixed mode"/>
    <property name="java.version" value="1.8.0_121"/>
    <property name="java.ext.dirs" value="D:\Program Files\Java\jdk1.8.0_121\jre\lib\ext;C:\WINDOWS\Sun\Java\lib\ext"/>
    <property name="sun.boot.class.path" value="D:\Program Files\Java\jdk1.8.0_121\jre\lib\resources.jar;D:\Program Files\Java\jdk1.8.0_121\jre\lib\rt.jar;D:\Program Files\Java\jdk1.8.0_121\jre\lib\sunrsasign.jar;D:\Program Files\Java\jdk1.8.0_121\jre\lib\jsse.jar;D:\Program Files\Java\jdk1.8.0_121\jre\lib\jce.jar;D:\Program Files\Java\jdk1.8.0_121\jre\lib\charsets.jar;D:\Program Files\Java\jdk1.8.0_121\jre\lib\jfr.jar;D:\Program Files\Java\jdk1.8.0_121\jre\classes"/>
    <property name="sun.stderr.encoding" value="cp850"/>
    <property name="java.vendor" value="Oracle Corporation"/>
    <property name="maven.home" value="D:\Downloads\apache-maven-3.5.0-bin\apache-maven-3.5.0\bin\.."/>
    <property name="file.separator" value="\"/>
    <property name="java.vendor.url.bug" value="http://bugreport.sun.com/bugreport/"/>
    <property name="sun.cpu.endian" value="little"/>
    <property name="sun.io.unicode.encoding" value="UnicodeLittle"/>
    <property name="sun.stdout.encoding" value="cp850"/>
    <property name="sun.desktop" value="windows"/>
    <property name="sun.cpu.isalist" value="amd64"/>
  </properties>
  <testcase classname="SARJ.BookingSystem.UtilityTest" name="addEmployee1" time="0.005"/>
  <testcase classname="SARJ.BookingSystem.UtilityTest" name="addEmployee2" time="0.006"/>
  <testcase classname="SARJ.BookingSystem.UtilityTest" name="addEmployee3" time="0.007"/>
  <testcase classname="SARJ.BookingSystem.UtilityTest" name="addEmployee4" time="0.007"/>
  <testcase classname="SARJ.BookingSystem.UtilityTest" name="addEmployee5" time="0.003"/>
  <testcase classname="SARJ.BookingSystem.UtilityTest" name="addEmployee6" time="0.001"/>
  <testcase classname="SARJ.BookingSystem.UtilityTest" name="getAllServices1" time="0.002"/>
  <testcase classname="SARJ.BookingSystem.UtilityTest" name="getAllServices2" time="0.002"/>
  <testcase classname="SARJ.BookingSystem.UtilityTest" name="searchUser1" time="0.002"/>
  <testcase classname="SARJ.BookingSystem.UtilityTest" name="searchUser2" time="0.002"/>
  <testcase classname="SARJ.BookingSystem.UtilityTest" name="searchUser3" time="0.002"/>
  <testcase classname="SARJ.BookingSystem.UtilityTest" name="searchUser4" time="0.002"/>
  <testcase classname="SARJ.BookingSystem.UtilityTest" name="searchUser5" time="0.004"/>
  <testcase classname="SARJ.BookingSystem.UtilityTest" name="searchUser6" time="0.003"/>
  <testcase classname="SARJ.BookingSystem.UtilityTest" name="addNewBooking1" time="0.008"/>
  <testcase classname="SARJ.BookingSystem.UtilityTest" name="addNewBooking2" time="0.005"/>
  <testcase classname="SARJ.BookingSystem.UtilityTest" name="addNewBooking3" time="0.003"/>
  <testcase classname="SARJ.BookingSystem.UtilityTest" name="addNewBooking4" time="0.02"/>
  <testcase classname="SARJ.BookingSystem.UtilityTest" name="addNewBooking5" time="0.009"/>
  <testcase classname="SARJ.BookingSystem.UtilityTest" name="addNewBooking6" time="0.006"/>
  <testcase classname="SARJ.BookingSystem.UtilityTest" name="addNewBooking7" time="0.002"/>
  <testcase classname="SARJ.BookingSystem.UtilityTest" name="getAvailableTimes1" time="0.001"/>
  <testcase classname="SARJ.BookingSystem.UtilityTest" name="getAvailableTimes2" time="0.001"/>
  <testcase classname="SARJ.BookingSystem.UtilityTest" name="getAvailableTimes3" time="0.002"/>
  <testcase classname="SARJ.BookingSystem.UtilityTest" name="getAvailableTimes4" time="0.002"/>
  <testcase classname="SARJ.BookingSystem.UtilityTest" name="getAvailableTimes5" time="0.002"/>
  <testcase classname="SARJ.BookingSystem.UtilityTest" name="getAvailableTimes6" time="0.002"/>
  <testcase classname="SARJ.BookingSystem.UtilityTest" name="addShift1" time="0.002"/>
  <testcase classname="SARJ.BookingSystem.UtilityTest" name="addShift2" time="0.001"/>
  <testcase classname="SARJ.BookingSystem.UtilityTest" name="addShift3" time="0.003"/>
  <testcase classname="SARJ.BookingSystem.UtilityTest" name="addShift4" time="0.016"/>
  <testcase classname="SARJ.BookingSystem.UtilityTest" name="removeBooking1" time="0.008"/>
  <testcase classname="SARJ.BookingSystem.UtilityTest" name="removeBooking2" time="0.008"/>
  <testcase classname="SARJ.BookingSystem.UtilityTest" name="removeBooking3" time="0.014"/>
  <testcase classname="SARJ.BookingSystem.UtilityTest" name="removeBooking4" time="0.007"/>
  <testcase classname="SARJ.BookingSystem.UtilityTest" name="getEmployeeBookingAvailability1" time="0.002"/>
  <testcase classname="SARJ.BookingSystem.UtilityTest" name="getEmployeeBookingAvailability2" time="0.003"/>
  <testcase classname="SARJ.BookingSystem.UtilityTest" name="getEmployeeBookingAvailability3" time="0.004"/>
  <testcase classname="SARJ.BookingSystem.UtilityTest" name="getEmployeeBookingAvailability4" time="0.004"/>
  <testcase classname="SARJ.BookingSystem.UtilityTest" name="getEmployeeBookingAvailability5" time="0.003"/>
  <testcase classname="SARJ.BookingSystem.UtilityTest" name="getEmployeeBookingAvailability6" time="0.002"/>
  <testcase classname="SARJ.BookingSystem.UtilityTest" name="getShift1" time="0.001"/>
  <testcase classname="SARJ.BookingSystem.UtilityTest" name="getShift2" time="0.002"/>
  <testcase classname="SARJ.BookingSystem.UtilityTest" name="getShift3" time="0.002"/>
  <testcase classname="SARJ.BookingSystem.UtilityTest" name="getAllCustomers1" time="0.002"/>
  <testcase classname="SARJ.BookingSystem.UtilityTest" name="getAllCustomers2" time="0.001"/>
  <testcase classname="SARJ.BookingSystem.UtilityTest" name="getAllCustomers3" time="0.001"/>
  <testcase classname="SARJ.BookingSystem.UtilityTest" name="getBookingsAfter1" time="0.002"/>
  <testcase classname="SARJ.BookingSystem.UtilityTest" name="getBookingsAfter2" time="0.001"/>
  <testcase classname="SARJ.BookingSystem.UtilityTest" name="getBookingsAfter3" time="0.001"/>
  <testcase classname="SARJ.BookingSystem.UtilityTest" name="getBookingsAfter4" time="0.001"/>
  <testcase classname="SARJ.BookingSystem.UtilityTest" name="getBookingsAfter5" time="0.001"/>
  <testcase classname="SARJ.BookingSystem.UtilityTest" name="getBookingsAfter6" time="0.003"/>
  <testcase classname="SARJ.BookingSystem.UtilityTest" name="addCustomer1" time="0.002"/>
  <testcase classname="SARJ.BookingSystem.UtilityTest" name="addCustomer2" time="0.001"/>
  <testcase classname="SARJ.BookingSystem.UtilityTest" name="addCustomer3" time="0.001"/>
  <testcase classname="SARJ.BookingSystem.UtilityTest" name="addCustomer4" time="0.016"/>
  <testcase classname="SARJ.BookingSystem.UtilityTest" name="addCustomer5" time="0.004"/>
  <testcase classname="SARJ.BookingSystem.UtilityTest" name="addCustomer6" time="0.002"/>
  <testcase classname="SARJ.BookingSystem.UtilityTest" name="authenticate1" time="0.003"/>
  <testcase classname="SARJ.BookingSystem.UtilityTest" name="authenticate2" time="0.003"/>
  <testcase classname="SARJ.BookingSystem.UtilityTest" name="authenticate3" time="0.003"/>
  <testcase classname="SARJ.BookingSystem.UtilityTest" name="authenticate4" time="0.004"/>
  <testcase classname="SARJ.BookingSystem.UtilityTest" name="authenticate5" time="0.005"/>
  <testcase classname="SARJ.BookingSystem.UtilityTest" name="authenticate6" time="0.003"/>
</testsuite>