<?xml version="1.0" encoding="UTF-8" ?>
<testsuite tests="52" failures="0" name="SARJ.BookingSystem.ControllerTest" time="0.355" errors="0" skipped="0">
  <properties>
    <property name="java.runtime.name" value="Java(TM) SE Runtime Environment"/>
    <property name="sun.boot.library.path" value="C:\Program Files\Java\jdk1.8.0_121\jre\bin"/>
    <property name="java.vm.version" value="25.121-b13"/>
    <property name="java.vm.vendor" value="Oracle Corporation"/>
    <property name="maven.multiModuleProjectDirectory" value="F:\Projects\EclipseWorkplace\BookingSystem"/>
    <property name="java.vendor.url" value="http://java.oracle.com/"/>
    <property name="path.separator" value=";"/>
    <property name="guice.disable.misplaced.annotation.check" value="true"/>
    <property name="java.vm.name" value="Java HotSpot(TM) 64-Bit Server VM"/>
    <property name="file.encoding.pkg" value="sun.io"/>
    <property name="user.script" value=""/>
    <property name="user.country" value="AU"/>
    <property name="sun.java.launcher" value="SUN_STANDARD"/>
    <property name="sun.os.patch.level" value=""/>
    <property name="java.vm.specification.name" value="Java Virtual Machine Specification"/>
    <property name="user.dir" value="F:\Projects\EclipseWorkplace\BookingSystem"/>
    <property name="java.runtime.version" value="1.8.0_121-b13"/>
    <property name="java.awt.graphicsenv" value="sun.awt.Win32GraphicsEnvironment"/>
    <property name="java.endorsed.dirs" value="C:\Program Files\Java\jdk1.8.0_121\jre\lib\endorsed"/>
    <property name="os.arch" value="amd64"/>
    <property name="java.io.tmpdir" value="C:\Users\Jarod\AppData\Local\Temp\"/>
    <property name="line.separator" value="
"/>
    <property name="java.vm.specification.vendor" value="Oracle Corporation"/>
    <property name="user.variant" value=""/>
    <property name="os.name" value="Windows 10"/>
    <property name="classworlds.conf" value="E:\apache-maven-3.5.0\bin\..\bin\m2.conf"/>
    <property name="sun.jnu.encoding" value="Cp1252"/>
    <property name="java.library.path" value="C:\Program Files\Java\jdk1.8.0_121\bin;C:\Windows\Sun\Java\bin;C:\Windows\system32;C:\Windows;C:\ProgramData\Oracle\Java\javapath;c:\program files (x86)\graphicsmagick-1.3.25-q16;C:\Windows\system32;C:\Windows;C:\Windows\System32\Wbem;C:\Windows\System32\WindowsPowerShell\v1.0\;C:\Program Files (x86)\NVIDIA Corporation\PhysX\Common;C:\Program Files\Microsoft SQL Server\130\Tools\Binn\;C:\Program Files\Microsoft SQL Server\Client SDK\ODBC\130\Tools\Binn\;C:\Program Files (x86)\Microsoft SQL Server\130\Tools\Binn\;C:\Program Files\Microsoft SQL Server\130\DTS\Binn\;C:\Program Files (x86)\Microsoft SQL Server\Client SDK\ODBC\130\Tools\Binn\;C:\Program Files (x86)\Microsoft SQL Server\130\DTS\Binn\;C:\Program Files (x86)\Microsoft SQL Server\130\Tools\Binn\ManagementStudio\;C:\Program Files\nodejs\;C:\Program Files (x86)\Windows Kits\10\Windows Performance Toolkit\;C:\Program Files\dotnet\;C:\Users\Jarod\AppData\Local\Programs\Python\Python36\Scripts\;C:\Users\Jarod\AppData\Local\Programs\Python\Python36\;C:\Users\Jarod\AppData\Local\Microsoft\WindowsApps;C:\Users\Jarod\AppData\Roaming\npm;C:\Program Files\Heroku\bin;C:\Program Files (x86)\Microsoft VS Code\bin;C:\Program Files\CMake\bin;E:\apache-maven-3.5.0\bin;."/>
    <property name="maven.conf" value="E:\apache-maven-3.5.0\bin\../conf"/>
    <property name="java.specification.name" value="Java Platform API Specification"/>
    <property name="java.class.version" value="52.0"/>
    <property name="sun.management.compiler" value="HotSpot 64-Bit Tiered Compilers"/>
    <property name="os.version" value="10.0"/>
    <property name="library.jansi.path" value="E:\apache-maven-3.5.0\bin\..\lib\jansi-native\windows64"/>
    <property name="user.home" value="C:\Users\Jarod"/>
    <property name="user.timezone" value="Australia/Sydney"/>
    <property name="java.awt.printerjob" value="sun.awt.windows.WPrinterJob"/>
    <property name="java.specification.version" value="1.8"/>
    <property name="file.encoding" value="Cp1252"/>
    <property name="user.name" value="Jarod"/>
    <property name="java.class.path" value="E:\apache-maven-3.5.0\bin\..\boot\plexus-classworlds-2.5.2.jar"/>
    <property name="java.vm.specification.version" value="1.8"/>
    <property name="sun.arch.data.model" value="64"/>
    <property name="java.home" value="C:\Program Files\Java\jdk1.8.0_121\jre"/>
    <property name="sun.java.command" value="org.codehaus.plexus.classworlds.launcher.Launcher clean install"/>
    <property name="java.specification.vendor" value="Oracle Corporation"/>
    <property name="user.language" value="en"/>
    <property name="awt.toolkit" value="sun.awt.windows.WToolkit"/>
    <property name="java.vm.info" value="mixed mode"/>
    <property name="java.version" value="1.8.0_121"/>
    <property name="java.ext.dirs" value="C:\Program Files\Java\jdk1.8.0_121\jre\lib\ext;C:\Windows\Sun\Java\lib\ext"/>
    <property name="sun.boot.class.path" value="C:\Program Files\Java\jdk1.8.0_121\jre\lib\resources.jar;C:\Program Files\Java\jdk1.8.0_121\jre\lib\rt.jar;C:\Program Files\Java\jdk1.8.0_121\jre\lib\sunrsasign.jar;C:\Program Files\Java\jdk1.8.0_121\jre\lib\jsse.jar;C:\Program Files\Java\jdk1.8.0_121\jre\lib\jce.jar;C:\Program Files\Java\jdk1.8.0_121\jre\lib\charsets.jar;C:\Program Files\Java\jdk1.8.0_121\jre\lib\jfr.jar;C:\Program Files\Java\jdk1.8.0_121\jre\classes"/>
    <property name="sun.stderr.encoding" value="cp850"/>
    <property name="java.vendor" value="Oracle Corporation"/>
    <property name="maven.home" value="E:\apache-maven-3.5.0\bin\.."/>
    <property name="file.separator" value="\"/>
    <property name="java.vendor.url.bug" value="http://bugreport.sun.com/bugreport/"/>
    <property name="sun.cpu.endian" value="little"/>
    <property name="sun.io.unicode.encoding" value="UnicodeLittle"/>
    <property name="sun.stdout.encoding" value="cp850"/>
    <property name="sun.desktop" value="windows"/>
    <property name="sun.cpu.isalist" value="amd64"/>
  </properties>
  <testcase classname="SARJ.BookingSystem.ControllerTest" name="getEmployeeBookingAvailability01" time="0.004"/>
  <testcase classname="SARJ.BookingSystem.ControllerTest" name="getEmployeeBookingAvailability02" time="0.003"/>
  <testcase classname="SARJ.BookingSystem.ControllerTest" name="getEmployeeBookingAvailability03" time="0.003"/>
  <testcase classname="SARJ.BookingSystem.ControllerTest" name="getWorkingTimes01" time="0.006"/>
  <testcase classname="SARJ.BookingSystem.ControllerTest" name="getWorkingTimes02" time="0"/>
  <testcase classname="SARJ.BookingSystem.ControllerTest" name="getWorkingTimes03" time="0"/>
  <testcase classname="SARJ.BookingSystem.ControllerTest" name="getWorkingTimes04" time="0.002"/>
  <testcase classname="SARJ.BookingSystem.ControllerTest" name="getWorkingTimes05" time="0.003"/>
  <testcase classname="SARJ.BookingSystem.ControllerTest" name="addEmployeeTest01" time="0.019"/>
  <testcase classname="SARJ.BookingSystem.ControllerTest" name="addEmployeeTest02" time="0.002"/>
  <testcase classname="SARJ.BookingSystem.ControllerTest" name="addEmployeeTest03" time="0.002"/>
  <testcase classname="SARJ.BookingSystem.ControllerTest" name="addEmployeeTest04" time="0.001"/>
  <testcase classname="SARJ.BookingSystem.ControllerTest" name="addEmployeeTest05" time="0.001"/>
  <testcase classname="SARJ.BookingSystem.ControllerTest" name="addEmployeeTest06" time="0.024"/>
  <testcase classname="SARJ.BookingSystem.ControllerTest" name="registerTest01" time="0"/>
  <testcase classname="SARJ.BookingSystem.ControllerTest" name="registerTest02" time="0.002"/>
  <testcase classname="SARJ.BookingSystem.ControllerTest" name="registerTest03" time="0.002"/>
  <testcase classname="SARJ.BookingSystem.ControllerTest" name="registerTest04" time="0.021"/>
  <testcase classname="SARJ.BookingSystem.ControllerTest" name="registerTest05" time="0.005"/>
  <testcase classname="SARJ.BookingSystem.ControllerTest" name="registerTest06" time="0.002"/>
  <testcase classname="SARJ.BookingSystem.ControllerTest" name="addWorkingTime01" time="0.006"/>
  <testcase classname="SARJ.BookingSystem.ControllerTest" name="addWorkingTime02" time="0.001"/>
  <testcase classname="SARJ.BookingSystem.ControllerTest" name="addWorkingTime03" time="0"/>
  <testcase classname="SARJ.BookingSystem.ControllerTest" name="addWorkingTime04" time="0.017"/>
  <testcase classname="SARJ.BookingSystem.ControllerTest" name="removeBookings01" time="0.003"/>
  <testcase classname="SARJ.BookingSystem.ControllerTest" name="removeBookings02" time="0.017"/>
  <testcase classname="SARJ.BookingSystem.ControllerTest" name="removeBookings03" time="0.019"/>
  <testcase classname="SARJ.BookingSystem.ControllerTest" name="removeBookings04" time="0.007"/>
  <testcase classname="SARJ.BookingSystem.ControllerTest" name="removeBookings05" time="0.017"/>
  <testcase classname="SARJ.BookingSystem.ControllerTest" name="addService01" time="0.003"/>
  <testcase classname="SARJ.BookingSystem.ControllerTest" name="addService02" time="0.002"/>
  <testcase classname="SARJ.BookingSystem.ControllerTest" name="addService03" time="0.002"/>
  <testcase classname="SARJ.BookingSystem.ControllerTest" name="addService04" time="0.001"/>
  <testcase classname="SARJ.BookingSystem.ControllerTest" name="addService05" time="0.019"/>
  <testcase classname="SARJ.BookingSystem.ControllerTest" name="addService06" time="0.004"/>
  <testcase classname="SARJ.BookingSystem.ControllerTest" name="addNewBooking01" time="0.019"/>
  <testcase classname="SARJ.BookingSystem.ControllerTest" name="addNewBooking02" time="0.004"/>
  <testcase classname="SARJ.BookingSystem.ControllerTest" name="addNewBooking03" time="0.003"/>
  <testcase classname="SARJ.BookingSystem.ControllerTest" name="addNewBooking04" time="0.019"/>
  <testcase classname="SARJ.BookingSystem.ControllerTest" name="addNewBooking05" time="0.003"/>
  <testcase classname="SARJ.BookingSystem.ControllerTest" name="addNewBooking06" time="0.02"/>
  <testcase classname="SARJ.BookingSystem.ControllerTest" name="getEmployeeList01" time="0.005"/>
  <testcase classname="SARJ.BookingSystem.ControllerTest" name="getSummaryOfBookings01" time="0.002"/>
  <testcase classname="SARJ.BookingSystem.ControllerTest" name="getCurrentBookings01" time="0.003"/>
  <testcase classname="SARJ.BookingSystem.ControllerTest" name="getCurrentBookings02" time="0.019"/>
  <testcase classname="SARJ.BookingSystem.ControllerTest" name="loginTest01" time="0.01"/>
  <testcase classname="SARJ.BookingSystem.ControllerTest" name="loginTest02" time="0.011"/>
  <testcase classname="SARJ.BookingSystem.ControllerTest" name="loginTest03" time="0.004"/>
  <testcase classname="SARJ.BookingSystem.ControllerTest" name="loginTest04" time="0.004"/>
  <testcase classname="SARJ.BookingSystem.ControllerTest" name="loginTest05" time="0.009"/>
  <testcase classname="SARJ.BookingSystem.ControllerTest" name="getCustomerList01" time="0"/>
  <testcase classname="SARJ.BookingSystem.ControllerTest" name="getServicesList01" time="0"/>
</testsuite>